Using pre-set license
Built from '2020.2/release' branch; Version is '2020.2.0f1 (3721df5a8b28) revision 3613151'; Using compiler version '192528614'; Build Type 'Release'
OS: 'Windows 10  (10.0.0) 64bit' Language: 'en' Physical Memory: 6080 MB
BatchMode: 1, IsHumanControllingUs: 0, StartBugReporterOnCrash: 0, Is64bit: 1, IsPro: 0

 COMMAND LINE ARGUMENTS:
C:\Program Files\Unity\Hub\Editor\2020.2.0f1\Editor\Unity.exe
-adb2
-batchMode
-noUpm
-name
AssetImportWorker0
-projectPath
C:/Users/ruich/Documents/GitHub/GAME3002_Assignment2_101277255/GAME3002_Assignment2_101277255
-logFile
Logs/AssetImportWorker0.log
-srvPort
50434
Successfully changed project path to: C:/Users/ruich/Documents/GitHub/GAME3002_Assignment2_101277255/GAME3002_Assignment2_101277255
C:/Users/ruich/Documents/GitHub/GAME3002_Assignment2_101277255/GAME3002_Assignment2_101277255
Using Asset Import Pipeline V2.
Refreshing native plugins compatible for Editor in 26.62 ms, found 0 plugins.
Preloading 0 native plugins for Editor in 0.00 ms.
Initialize engine version: 2020.2.0f1 (3721df5a8b28)
[Subsystems] Discovering subsystems at path C:/Program Files/Unity/Hub/Editor/2020.2.0f1/Editor/Data/Resources/UnitySubsystems
[Subsystems] Discovering subsystems at path C:/Users/ruich/Documents/GitHub/GAME3002_Assignment2_101277255/GAME3002_Assignment2_101277255/Assets
GfxDevice: creating device client; threaded=0
Direct3D:
    Version:  Direct3D 11.0 [level 11.1]
    Renderer: AMD Radeon(TM) Vega 8 Graphics (ID=0x15d8)
    Vendor:   
    VRAM:     3040 MB
    Driver:   27.20.1016.1
Initialize mono
Mono path[0] = 'C:/Program Files/Unity/Hub/Editor/2020.2.0f1/Editor/Data/Managed'
Mono path[1] = 'C:/Program Files/Unity/Hub/Editor/2020.2.0f1/Editor/Data/MonoBleedingEdge/lib/mono/unityjit'
Mono config path = 'C:/Program Files/Unity/Hub/Editor/2020.2.0f1/Editor/Data/MonoBleedingEdge/etc'
Using monoOptions --debugger-agent=transport=dt_socket,embedding=1,server=y,suspend=n,address=127.0.0.1:56848
Begin MonoManager ReloadAssembly
Registering precompiled unity dll's ...
Register platform support module: C:/Program Files/Unity/Hub/Editor/2020.2.0f1/Editor/Data/PlaybackEngines/WebGLSupport/UnityEditor.WebGL.Extensions.dll
Register platform support module: C:/Program Files/Unity/Hub/Editor/2020.2.0f1/Editor/Data/PlaybackEngines/MacStandaloneSupport/UnityEditor.OSXStandalone.Extensions.dll
Register platform support module: C:/Program Files/Unity/Hub/Editor/2020.2.0f1/Editor/Data/PlaybackEngines/WindowsStandaloneSupport/UnityEditor.WindowsStandalone.Extensions.dll
Registered in 0.007730 seconds.
Native extension for WindowsStandalone target not found
Native extension for OSXStandalone target not found
Native extension for WebGL target not found
Refreshing native plugins compatible for Editor in 29.50 ms, found 0 plugins.
Preloading 0 native plugins for Editor in 0.00 ms.
Invoked RoslynAnalysisRunner static constructor.
RoslynAnalysisRunner will not be running.
RoslynAnalysisRunner has terminated.
Mono: successfully reloaded assembly
- Completed reload, in  1.850 seconds
Platform modules already initialized, skipping
Registering precompiled user dll's ...
Registered in 0.001476 seconds.
Begin MonoManager ReloadAssembly
Native extension for WindowsStandalone target not found
Native extension for OSXStandalone target not found
Native extension for WebGL target not found
Refreshing native plugins compatible for Editor in 0.27 ms, found 0 plugins.
Preloading 0 native plugins for Editor in 0.00 ms.
Invoked RoslynAnalysisRunner static constructor.
RoslynAnalysisRunner will not be running.
RoslynAnalysisRunner has terminated.
Mono: successfully reloaded assembly
- Completed reload, in  1.107 seconds
Platform modules already initialized, skipping
========================================================================
Worker process is ready to serve import requests
Launched and connected shader compiler UnityShaderCompiler.exe after 0.06 seconds
Refreshing native plugins compatible for Editor in 0.25 ms, found 0 plugins.
Preloading 0 native plugins for Editor in 0.00 ms.
Unloading 1100 Unused Serialized files (Serialized files now loaded: 0)
System memory in use before: 58.0 MB.
System memory in use after: 58.1 MB.

Unloading 10 unused Assets to reduce memory usage. Loaded Objects now: 1544.
Total: 2.647400 ms (FindLiveObjects: 0.266000 ms CreateObjectMapping: 0.045000 ms MarkObjects: 2.248600 ms  DeleteObjects: 0.085600 ms)

========================================================================
Received Import Request.
  path: Assets/PrefaAndMaterial/ScreenMaterial.mat
  artifactKey: Guid(934b27affce48aa4895f52309d767264) Importer(815301076,1909f56bfc062723c751e8b465ee728b)
Start importing Assets/PrefaAndMaterial/ScreenMaterial.mat using Guid(934b27affce48aa4895f52309d767264) Importer(815301076,1909f56bfc062723c751e8b465ee728b)  -> (artifact id: '1deb765be50171a637a7535cbf003019') in 0.194198 seconds
  Import took 0.196734 seconds .

========================================================================
Received Import Request.
  Time since last request: 46.019779 seconds.
  path: Assets/Robot Kyle/Materials/Robot_Color.mat
  artifactKey: Guid(0aa851515cd3747d6b3b3e461199a2ed) Importer(815301076,1909f56bfc062723c751e8b465ee728b)
Start importing Assets/Robot Kyle/Materials/Robot_Color.mat using Guid(0aa851515cd3747d6b3b3e461199a2ed) Importer(815301076,1909f56bfc062723c751e8b465ee728b)  -> (artifact id: 'c989ed6e18938e2d8fd7888baa260ca4') in 0.032829 seconds
  Import took 0.035932 seconds .

========================================================================
Received Import Request.
  Time since last request: 0.010129 seconds.
  path: Assets/Robot Kyle/Materials/Robot_Color.mat
  artifactKey: Guid(0aa851515cd3747d6b3b3e461199a2ed) Importer(815301076,1909f56bfc062723c751e8b465ee728b)
Start importing Assets/Robot Kyle/Materials/Robot_Color.mat using Guid(0aa851515cd3747d6b3b3e461199a2ed) Importer(815301076,1909f56bfc062723c751e8b465ee728b)  -> (artifact id: 'c989ed6e18938e2d8fd7888baa260ca4') in 0.026910 seconds
  Import took 0.030433 seconds .

========================================================================
Received Import Request.
  Time since last request: 9.390979 seconds.
  path: Assets/PrefaAndMaterial/ScreenMaterial.mat
  artifactKey: Guid(934b27affce48aa4895f52309d767264) Importer(815301076,1909f56bfc062723c751e8b465ee728b)
Start importing Assets/PrefaAndMaterial/ScreenMaterial.mat using Guid(934b27affce48aa4895f52309d767264) Importer(815301076,1909f56bfc062723c751e8b465ee728b)  -> (artifact id: '245b62f2aba390f2ee7840a279cc3dc0') in 0.024237 seconds
  Import took 0.027077 seconds .

AssetImportWorkerClient::OnTransportError - code=2 error=End of file
